<?xml version="1.0" encoding="UTF-8"?>
<!-- Generated by org.testng.reporters.JUnitXMLReporter -->
<testsuite hostname="DESKTOP-HGS18LV" ignored="0" name="Surefire test" tests="1" failures="1" timestamp="13 三月 2019 16:22:28 GMT" time="0.884" errors="0">
  <testcase name="test_01" time="0.372" classname="testcases.Test_Demo_01">
    <failure type="java.lang.AssertionError" message="expected [false] but found [true]">
      <![CDATA[java.lang.AssertionError: expected [false] but found [true]
at testcases.Test_Demo_01.test_01(Test_Demo_01.java:18)
... Removed 35 stack frames]]>
    </failure>
  </testcase> <!-- test_01 -->
</testsuite> <!-- Surefire test -->
