<?xml version="1.0" encoding="UTF-8"?>
<!-- Generated by org.testng.reporters.JUnitXMLReporter -->
<testsuite hostname="DESKTOP-HGS18LV" ignored="0" name="test" tests="4" failures="1" timestamp="13 三月 2019 16:10:00 GMT" time="0.453" errors="0">
  <testcase name="test_01" time="0.141" classname="testcases.Test_Demo_01">
    <skipped/>
  </testcase> <!-- test_01 -->
  <testcase name="test_01" time="0.0" classname="testcases.Test_Demo_01">
    <skipped/>
  </testcase> <!-- test_01 -->
  <testcase name="test_01" time="0.0" classname="testcases.Test_Demo_01">
    <skipped/>
  </testcase> <!-- test_01 -->
  <testcase name="test_01" time="0.0" classname="testcases.Test_Demo_01">
    <failure type="java.lang.AssertionError" message="expected [false] but found [true]">
      <![CDATA[java.lang.AssertionError: expected [false] but found [true]
at testcases.Test_Demo_01.test_01(Test_Demo_01.java:18)
... Removed 31 stack frames]]>
    </failure>
  </testcase> <!-- test_01 -->
</testsuite> <!-- test -->
